<?xml version="1.0" encoding="UTF-8"?>
<testng-results total="2" passed="2" failed="0" skipped="0">
  <reporter-output>
  </reporter-output>
  <suite started-at="2022-11-07T04:09:45Z" name="Default suite" finished-at="2022-11-07T04:13:37Z" duration-ms="231752">
    <groups>
      <group name="cucumber">
        <method signature="AbstractTestNGCucumberTests.runScenario(io.cucumber.testng.PickleWrapper, io.cucumber.testng.FeatureWrapper)[pri:0, instance:runner.test_runner@345f69f3]" name="runScenario" class="io.cucumber.testng.AbstractTestNGCucumberTests"/>
      </group> <!-- cucumber -->
    </groups>
    <test started-at="2022-11-07T04:09:45Z" name="Default test" finished-at="2022-11-07T04:13:37Z" duration-ms="231752">
      <class name="runner.test_runner">
        <test-method is-config="true" signature="setUpClass(org.testng.ITestContext)[pri:0, instance:runner.test_runner@345f69f3]" started-at="2022-11-07T09:39:45Z" name="setUpClass" finished-at="2022-11-07T09:39:47Z" duration-ms="1575" status="PASS">
          <params>
            <param index="0">
              <value>
                <![CDATA[org.testng.TestRunner@47c40b56]]>
              </value>
            </param>
          </params>
          <reporter-output>
          </reporter-output>
        </test-method> <!-- setUpClass -->
        <test-method signature="runScenario(io.cucumber.testng.PickleWrapper, io.cucumber.testng.FeatureWrapper)[pri:0, instance:runner.test_runner@345f69f3]" started-at="2022-11-07T09:39:47Z" name="runScenario" description="Runs Cucumber Scenarios" data-provider="scenarios" finished-at="2022-11-07T09:42:52Z" duration-ms="185702" status="PASS">
          <params>
            <param index="0">
              <value>
                <![CDATA["To Test the Login with valid data"]]>
              </value>
            </param>
            <param index="1">
              <value>
                <![CDATA["Test the guru99 login"]]>
              </value>
            </param>
          </params>
          <reporter-output>
          </reporter-output>
        </test-method> <!-- runScenario -->
        <test-method signature="runScenario(io.cucumber.testng.PickleWrapper, io.cucumber.testng.FeatureWrapper)[pri:0, instance:runner.test_runner@345f69f3]" started-at="2022-11-07T09:42:52Z" name="runScenario" description="Runs Cucumber Scenarios" data-provider="scenarios" finished-at="2022-11-07T09:43:37Z" duration-ms="44399" status="PASS">
          <params>
            <param index="0">
              <value>
                <![CDATA["To Test the Login with valid data"]]>
              </value>
            </param>
            <param index="1">
              <value>
                <![CDATA["Test the guru99 login"]]>
              </value>
            </param>
          </params>
          <reporter-output>
          </reporter-output>
        </test-method> <!-- runScenario -->
        <test-method is-config="true" signature="tearDownClass()[pri:0, instance:runner.test_runner@345f69f3]" started-at="2022-11-07T09:43:37Z" name="tearDownClass" finished-at="2022-11-07T09:43:37Z" duration-ms="29" status="PASS">
          <reporter-output>
          </reporter-output>
        </test-method> <!-- tearDownClass -->
      </class> <!-- runner.test_runner -->
    </test> <!-- Default test -->
  </suite> <!-- Default suite -->
</testng-results>
